{
  address: '0xb7010b4Fa9C9C60A5d4599b4d710715CE858d8a0',
  blockHash: '0x39af14ecc46e24d697df8f31d482b06c9b9da381582a07eed95d3414419ad1ef',
  blockNumber: 11222622,
  logIndex: 26,
  removed: false,
  transactionHash: '0x39e260f8bf29a82ca04364c947187cb8865196d9815aec5e666c2129e40bf94b',
  transactionIndex: 7,
  id: 'log_840dee8b',
  returnValues: Result {
    '0': '0xd20ad692cdfc97fe7f7c41380511ca8a073d5b1b7447799306c3c2d3a712db7d',
    '1': '0xf09452bcea7def54e7fc46041f4e5949103a3ab80fdf4910ee1f2acc53d7478d',
    '2': '',
    action: '0xd20ad692cdfc97fe7f7c41380511ca8a073d5b1b7447799306c3c2d3a712db7d',
    key: '0xf09452bcea7def54e7fc46041f4e5949103a3ab80fdf4910ee1f2acc53d7478d',
    value: ''
  },
  event: 'orderlog',
  signature: '0x0875a9c5045b948d4c86be3715763964c8ec6b198fe5c4e5034ee32cc5051f4d',
  raw: {
    data: '0x00000000000000000000000000000000000000000000000000000000000000200000000000000000000000000000000000000000000000000000000000000000',
    topics: [
      '0x0875a9c5045b948d4c86be3715763964c8ec6b198fe5c4e5034ee32cc5051f4d',
      '0xd20ad692cdfc97fe7f7c41380511ca8a073d5b1b7447799306c3c2d3a712db7d',
      '0xf09452bcea7def54e7fc46041f4e5949103a3ab80fdf4910ee1f2acc53d7478d'
    ]
  }
}
{
  address: '0xb7010b4Fa9C9C60A5d4599b4d710715CE858d8a0',
  blockHash: '0x9b93cf6b68c4e6aeaecc447595ad72cb153d0aa17d57f7f6eebb8c48670a9e36',
  blockNumber: 11222625,
  logIndex: 36,
  removed: false,
  transactionHash: '0xdf9c0f42689a9bd787c3336eaf14f1d501e7bdcc037b4433ebd9908c0a4734cc',
  transactionIndex: 18,
  id: 'log_e90c9165',
  returnValues: Result {
    '0': '0xd20ad692cdfc97fe7f7c41380511ca8a073d5b1b7447799306c3c2d3a712db7d',
    '1': '0xc89efdaa54c0f20c7adf612882df0950f5a951637e0307cdcb4c672f298b8bc6',
    '2': '',
    action: '0xd20ad692cdfc97fe7f7c41380511ca8a073d5b1b7447799306c3c2d3a712db7d',
    key: '0xc89efdaa54c0f20c7adf612882df0950f5a951637e0307cdcb4c672f298b8bc6',
    value: ''
  },
  event: 'orderlog',
  signature: '0x0875a9c5045b948d4c86be3715763964c8ec6b198fe5c4e5034ee32cc5051f4d',
  raw: {
    data: '0x00000000000000000000000000000000000000000000000000000000000000200000000000000000000000000000000000000000000000000000000000000000',
    topics: [
      '0x0875a9c5045b948d4c86be3715763964c8ec6b198fe5c4e5034ee32cc5051f4d',
      '0xd20ad692cdfc97fe7f7c41380511ca8a073d5b1b7447799306c3c2d3a712db7d',
      '0xc89efdaa54c0f20c7adf612882df0950f5a951637e0307cdcb4c672f298b8bc6'
    ]
  }
}
{
  address: '0xb7010b4Fa9C9C60A5d4599b4d710715CE858d8a0',
  blockHash: '0x5737be5782b0ebc986929fb9f00726f91f799f2777dbd8606d846d6962c12dca',
  blockNumber: 11222636,
  logIndex: 2,
  removed: false,
  transactionHash: '0xfd2ef149ea82effc39c5bc3746795c5aace1df9818bdb2a443c88b8a40f0e638',
  transactionIndex: 4,
  id: 'log_6cbabd23',
  returnValues: Result {
    '0': '0xd20ad692cdfc97fe7f7c41380511ca8a073d5b1b7447799306c3c2d3a712db7d',
    '1': '0xecd13a0bc5388d877fd592ef0169e114d143b48874554636260c72f0ef5f1698',
    '2': '123456',
    action: '0xd20ad692cdfc97fe7f7c41380511ca8a073d5b1b7447799306c3c2d3a712db7d',
    key: '0xecd13a0bc5388d877fd592ef0169e114d143b48874554636260c72f0ef5f1698',
    value: '123456'
  },
  event: 'orderlog',
  signature: '0x0875a9c5045b948d4c86be3715763964c8ec6b198fe5c4e5034ee32cc5051f4d',
  raw: {
    data: '0x000000000000000000000000000000000000000000000000000000000000002000000000000000000000000000000000000000000000000000000000000000063132333435360000000000000000000000000000000000000000000000000000',
    topics: [
      '0x0875a9c5045b948d4c86be3715763964c8ec6b198fe5c4e5034ee32cc5051f4d',
      '0xd20ad692cdfc97fe7f7c41380511ca8a073d5b1b7447799306c3c2d3a712db7d',
      '0xecd13a0bc5388d877fd592ef0169e114d143b48874554636260c72f0ef5f1698'
    ]
  }
}
{
  address: '0xb7010b4Fa9C9C60A5d4599b4d710715CE858d8a0',
  blockHash: '0xdcee9653ebaff55f2f52ab6b0cb8ed8571863c090e4f2224931cc8033e50c28d',
  blockNumber: 11222648,
  logIndex: 13,
  removed: false,
  transactionHash: '0xb4b4b57d26f20609c621fe2a5bc03cb5a863991d6f282c3db0747d37f6fb872e',
  transactionIndex: 10,
  id: 'log_37e5dd90',
  returnValues: Result {
    '0': '0xd20ad692cdfc97fe7f7c41380511ca8a073d5b1b7447799306c3c2d3a712db7d',
    '1': '0xb82bedb863b972904abc90a047264e22f109eed797fd2ca664a96ab76b03df7e',
    '2': '123456',
    action: '0xd20ad692cdfc97fe7f7c41380511ca8a073d5b1b7447799306c3c2d3a712db7d',
    key: '0xb82bedb863b972904abc90a047264e22f109eed797fd2ca664a96ab76b03df7e',
    value: '123456'
  },
  event: 'orderlog',
  signature: '0x0875a9c5045b948d4c86be3715763964c8ec6b198fe5c4e5034ee32cc5051f4d',
  raw: {
    data: '0x000000000000000000000000000000000000000000000000000000000000002000000000000000000000000000000000000000000000000000000000000000063132333435360000000000000000000000000000000000000000000000000000',
    topics: [
      '0x0875a9c5045b948d4c86be3715763964c8ec6b198fe5c4e5034ee32cc5051f4d',
      '0xd20ad692cdfc97fe7f7c41380511ca8a073d5b1b7447799306c3c2d3a712db7d',
      '0xb82bedb863b972904abc90a047264e22f109eed797fd2ca664a96ab76b03df7e'
    ]
  }
}
{
  address: '0xb7010b4Fa9C9C60A5d4599b4d710715CE858d8a0',
  blockHash: '0xe68550f28ca5ee515c9d2d31d20eb1617fccad579a440225ec48a84fe952bfbc',
  blockNumber: 11223699,
  logIndex: 14,
  removed: false,
  transactionHash: '0x975217e4e6bde3b3f4b51f92f24622bb765a508b774a29c4b4f3763cd4f58b38',
  transactionIndex: 10,
  id: 'log_18c1f5cf',
  returnValues: Result {
    '0': '0xd20ad692cdfc97fe7f7c41380511ca8a073d5b1b7447799306c3c2d3a712db7d',
    '1': '0xb82bedb863b972904abc90a047264e22f109eed797fd2ca664a96ab76b03df7e',
    '2': '1111111',
    action: '0xd20ad692cdfc97fe7f7c41380511ca8a073d5b1b7447799306c3c2d3a712db7d',
    key: '0xb82bedb863b972904abc90a047264e22f109eed797fd2ca664a96ab76b03df7e',
    value: '1111111'
  },
  event: 'orderlog',
  signature: '0x0875a9c5045b948d4c86be3715763964c8ec6b198fe5c4e5034ee32cc5051f4d',
  raw: {
    data: '0x000000000000000000000000000000000000000000000000000000000000002000000000000000000000000000000000000000000000000000000000000000073131313131313100000000000000000000000000000000000000000000000000',
    topics: [
      '0x0875a9c5045b948d4c86be3715763964c8ec6b198fe5c4e5034ee32cc5051f4d',
      '0xd20ad692cdfc97fe7f7c41380511ca8a073d5b1b7447799306c3c2d3a712db7d',
      '0xb82bedb863b972904abc90a047264e22f109eed797fd2ca664a96ab76b03df7e'
    ]
  }
}
{
  address: '0xb7010b4Fa9C9C60A5d4599b4d710715CE858d8a0',
  blockHash: '0x909590f61acd0674a5cf9e3b9ac4c2680d6543c231511caddcce7ae186e8667d',
  blockNumber: 11223705,
  logIndex: 19,
  removed: false,
  transactionHash: '0x2be65c88ef7b28c091fb66b36a8596a7faddd607d7243372f0bfa40445523b5e',
  transactionIndex: 7,
  id: 'log_5cf3a42e',
  returnValues: Result {
    '0': '0xd20ad692cdfc97fe7f7c41380511ca8a073d5b1b7447799306c3c2d3a712db7d',
    '1': '0xb82bedb863b972904abc90a047264e22f109eed797fd2ca664a96ab76b03df7e',
    '2': '1111111',
    action: '0xd20ad692cdfc97fe7f7c41380511ca8a073d5b1b7447799306c3c2d3a712db7d',
    key: '0xb82bedb863b972904abc90a047264e22f109eed797fd2ca664a96ab76b03df7e',
    value: '1111111'
  },
  event: 'orderlog',
  signature: '0x0875a9c5045b948d4c86be3715763964c8ec6b198fe5c4e5034ee32cc5051f4d',
  raw: {
    data: '0x000000000000000000000000000000000000000000000000000000000000002000000000000000000000000000000000000000000000000000000000000000073131313131313100000000000000000000000000000000000000000000000000',
    topics: [
      '0x0875a9c5045b948d4c86be3715763964c8ec6b198fe5c4e5034ee32cc5051f4d',
      '0xd20ad692cdfc97fe7f7c41380511ca8a073d5b1b7447799306c3c2d3a712db7d',
      '0xb82bedb863b972904abc90a047264e22f109eed797fd2ca664a96ab76b03df7e'
    ]
  }
}
{
  address: '0xb7010b4Fa9C9C60A5d4599b4d710715CE858d8a0',
  blockHash: '0x5bd1fd0913b0461cc03397a27005b9d85df7e5e64cc267f15cd4eb0bfa75aea4',
  blockNumber: 11223713,
  logIndex: 9,
  removed: false,
  transactionHash: '0x43705ed894bc8212265436248061d0ad7a050db4500bc35e53c0030ecb8060b0',
  transactionIndex: 4,
  id: 'log_85408e88',
  returnValues: Result {
    '0': '0xd20ad692cdfc97fe7f7c41380511ca8a073d5b1b7447799306c3c2d3a712db7d',
    '1': '0xb82bedb863b972904abc90a047264e22f109eed797fd2ca664a96ab76b03df7e',
    '2': '1111111',
    action: '0xd20ad692cdfc97fe7f7c41380511ca8a073d5b1b7447799306c3c2d3a712db7d',
    key: '0xb82bedb863b972904abc90a047264e22f109eed797fd2ca664a96ab76b03df7e',
    value: '1111111'
  },
  event: 'orderlog',
  signature: '0x0875a9c5045b948d4c86be3715763964c8ec6b198fe5c4e5034ee32cc5051f4d',
  raw: {
    data: '0x000000000000000000000000000000000000000000000000000000000000002000000000000000000000000000000000000000000000000000000000000000073131313131313100000000000000000000000000000000000000000000000000',
    topics: [
      '0x0875a9c5045b948d4c86be3715763964c8ec6b198fe5c4e5034ee32cc5051f4d',
      '0xd20ad692cdfc97fe7f7c41380511ca8a073d5b1b7447799306c3c2d3a712db7d',
      '0xb82bedb863b972904abc90a047264e22f109eed797fd2ca664a96ab76b03df7e'
    ]
  }
}
{
  address: '0xb7010b4Fa9C9C60A5d4599b4d710715CE858d8a0',
  blockHash: '0xe4d3b0cfcb2b574c8ed4bd9994cb5d78bf9c06d07c72f658be93796748b4bd9d',
  blockNumber: 11223817,
  logIndex: 37,
  removed: false,
  transactionHash: '0x688624d2afdd76a0729d38d1dba28c1ba33a05f7bf51e21e7032364b7ffd087d',
  transactionIndex: 9,
  id: 'log_94c6ce3b',
  returnValues: Result {
    '0': '0xd20ad692cdfc97fe7f7c41380511ca8a073d5b1b7447799306c3c2d3a712db7d',
    '1': '0xb82bedb863b972904abc90a047264e22f109eed797fd2ca664a96ab76b03df7e',
    '2': '1111111',
    action: '0xd20ad692cdfc97fe7f7c41380511ca8a073d5b1b7447799306c3c2d3a712db7d',
    key: '0xb82bedb863b972904abc90a047264e22f109eed797fd2ca664a96ab76b03df7e',
    value: '1111111'
  },
  event: 'orderlog',
  signature: '0x0875a9c5045b948d4c86be3715763964c8ec6b198fe5c4e5034ee32cc5051f4d',
  raw: {
    data: '0x000000000000000000000000000000000000000000000000000000000000002000000000000000000000000000000000000000000000000000000000000000073131313131313100000000000000000000000000000000000000000000000000',
    topics: [
      '0x0875a9c5045b948d4c86be3715763964c8ec6b198fe5c4e5034ee32cc5051f4d',
      '0xd20ad692cdfc97fe7f7c41380511ca8a073d5b1b7447799306c3c2d3a712db7d',
      '0xb82bedb863b972904abc90a047264e22f109eed797fd2ca664a96ab76b03df7e'
    ]
  }
}
{
  address: '0xb7010b4Fa9C9C60A5d4599b4d710715CE858d8a0',
  blockHash: '0x75e3dd17c7e5fd872c8eb822dd2be64c6275b5e24d33b9d7b0e3b77383981fed',
  blockNumber: 11223821,
  logIndex: 27,
  removed: false,
  transactionHash: '0xd2a7ca1402244c7898040e6a585a430997b168972bd43aa4b66138d3959af736',
  transactionIndex: 8,
  id: 'log_cb25649c',
  returnValues: Result {
    '0': '0xd20ad692cdfc97fe7f7c41380511ca8a073d5b1b7447799306c3c2d3a712db7d',
    '1': '0xb82bedb863b972904abc90a047264e22f109eed797fd2ca664a96ab76b03df7e',
    '2': '3212314124',
    action: '0xd20ad692cdfc97fe7f7c41380511ca8a073d5b1b7447799306c3c2d3a712db7d',
    key: '0xb82bedb863b972904abc90a047264e22f109eed797fd2ca664a96ab76b03df7e',
    value: '3212314124'
  },
  event: 'orderlog',
  signature: '0x0875a9c5045b948d4c86be3715763964c8ec6b198fe5c4e5034ee32cc5051f4d',
  raw: {
    data: '0x0000000000000000000000000000000000000000000000000000000000000020000000000000000000000000000000000000000000000000000000000000000a3332313233313431323400000000000000000000000000000000000000000000',
    topics: [
      '0x0875a9c5045b948d4c86be3715763964c8ec6b198fe5c4e5034ee32cc5051f4d',
      '0xd20ad692cdfc97fe7f7c41380511ca8a073d5b1b7447799306c3c2d3a712db7d',
      '0xb82bedb863b972904abc90a047264e22f109eed797fd2ca664a96ab76b03df7e'
    ]
  }
}
{
  address: '0xb7010b4Fa9C9C60A5d4599b4d710715CE858d8a0',
  blockHash: '0x6393ce82df273b1859df4f21ada82787a57bb2c9f41985c88ca9eadbad522895',
  blockNumber: 11223889,
  logIndex: 7,
  removed: false,
  transactionHash: '0x2864ce1c92c7ba747f9772d53744cd38adb93a331394c350159ece49bc1471e0',
  transactionIndex: 4,
  id: 'log_f6df4d19',
  returnValues: Result {
    '0': '0xd20ad692cdfc97fe7f7c41380511ca8a073d5b1b7447799306c3c2d3a712db7d',
    '1': '0xb82bedb863b972904abc90a047264e22f109eed797fd2ca664a96ab76b03df7e',
    '2': '3212314124',
    action: '0xd20ad692cdfc97fe7f7c41380511ca8a073d5b1b7447799306c3c2d3a712db7d',
    key: '0xb82bedb863b972904abc90a047264e22f109eed797fd2ca664a96ab76b03df7e',
    value: '3212314124'
  },
  event: 'orderlog',
  signature: '0x0875a9c5045b948d4c86be3715763964c8ec6b198fe5c4e5034ee32cc5051f4d',
  raw: {
    data: '0x0000000000000000000000000000000000000000000000000000000000000020000000000000000000000000000000000000000000000000000000000000000a3332313233313431323400000000000000000000000000000000000000000000',
    topics: [
      '0x0875a9c5045b948d4c86be3715763964c8ec6b198fe5c4e5034ee32cc5051f4d',
      '0xd20ad692cdfc97fe7f7c41380511ca8a073d5b1b7447799306c3c2d3a712db7d',
      '0xb82bedb863b972904abc90a047264e22f109eed797fd2ca664a96ab76b03df7e'
    ]
  }
}
{
  removed: false,
  logIndex: 22,
  transactionIndex: 10,
  transactionHash: '0x61140682f8057507b6c77f2ff7940da2952c5edafffc4bdb3e706ba03d197948',
  blockHash: '0x74612cb7820a2be9a0e78e26a78a5a44ce5a7d05624e7ea6d163c922ed480b72',
  blockNumber: 11224036,
  address: '0xb7010b4Fa9C9C60A5d4599b4d710715CE858d8a0',
  id: 'log_e7001c23',
  returnValues: Result {
    '0': '0xd20ad692cdfc97fe7f7c41380511ca8a073d5b1b7447799306c3c2d3a712db7d',
    '1': '0x3fea1ee850ce5832c4ef1eccfc558939a449d08004f2380067826917cf5d7ab5',
    '2': '00000000000000000000',
    action: '0xd20ad692cdfc97fe7f7c41380511ca8a073d5b1b7447799306c3c2d3a712db7d',
    key: '0x3fea1ee850ce5832c4ef1eccfc558939a449d08004f2380067826917cf5d7ab5',
    value: '00000000000000000000'
  },
  event: 'orderlog',
  signature: '0x0875a9c5045b948d4c86be3715763964c8ec6b198fe5c4e5034ee32cc5051f4d',
  raw: {
    data: '0x000000000000000000000000000000000000000000000000000000000000002000000000000000000000000000000000000000000000000000000000000000143030303030303030303030303030303030303030000000000000000000000000',
    topics: [
      '0x0875a9c5045b948d4c86be3715763964c8ec6b198fe5c4e5034ee32cc5051f4d',
      '0xd20ad692cdfc97fe7f7c41380511ca8a073d5b1b7447799306c3c2d3a712db7d',
      '0x3fea1ee850ce5832c4ef1eccfc558939a449d08004f2380067826917cf5d7ab5'
    ]
  }
}
{
  address: '0xb7010b4Fa9C9C60A5d4599b4d710715CE858d8a0',
  blockHash: '0x39af14ecc46e24d697df8f31d482b06c9b9da381582a07eed95d3414419ad1ef',
  blockNumber: 11222622,
  logIndex: 26,
  removed: false,
  transactionHash: '0x39e260f8bf29a82ca04364c947187cb8865196d9815aec5e666c2129e40bf94b',
  transactionIndex: 7,
  id: 'log_840dee8b',
  returnValues: Result {
    '0': '0xd20ad692cdfc97fe7f7c41380511ca8a073d5b1b7447799306c3c2d3a712db7d',
    '1': '0xf09452bcea7def54e7fc46041f4e5949103a3ab80fdf4910ee1f2acc53d7478d',
    '2': '',
    action: '0xd20ad692cdfc97fe7f7c41380511ca8a073d5b1b7447799306c3c2d3a712db7d',
    key: '0xf09452bcea7def54e7fc46041f4e5949103a3ab80fdf4910ee1f2acc53d7478d',
    value: ''
  },
  event: 'orderlog',
  signature: '0x0875a9c5045b948d4c86be3715763964c8ec6b198fe5c4e5034ee32cc5051f4d',
  raw: {
    data: '0x00000000000000000000000000000000000000000000000000000000000000200000000000000000000000000000000000000000000000000000000000000000',
    topics: [
      '0x0875a9c5045b948d4c86be3715763964c8ec6b198fe5c4e5034ee32cc5051f4d',
      '0xd20ad692cdfc97fe7f7c41380511ca8a073d5b1b7447799306c3c2d3a712db7d',
      '0xf09452bcea7def54e7fc46041f4e5949103a3ab80fdf4910ee1f2acc53d7478d'
    ]
  }
}
{
  address: '0xb7010b4Fa9C9C60A5d4599b4d710715CE858d8a0',
  blockHash: '0x9b93cf6b68c4e6aeaecc447595ad72cb153d0aa17d57f7f6eebb8c48670a9e36',
  blockNumber: 11222625,
  logIndex: 36,
  removed: false,
  transactionHash: '0xdf9c0f42689a9bd787c3336eaf14f1d501e7bdcc037b4433ebd9908c0a4734cc',
  transactionIndex: 18,
  id: 'log_e90c9165',
  returnValues: Result {
    '0': '0xd20ad692cdfc97fe7f7c41380511ca8a073d5b1b7447799306c3c2d3a712db7d',
    '1': '0xc89efdaa54c0f20c7adf612882df0950f5a951637e0307cdcb4c672f298b8bc6',
    '2': '',
    action: '0xd20ad692cdfc97fe7f7c41380511ca8a073d5b1b7447799306c3c2d3a712db7d',
    key: '0xc89efdaa54c0f20c7adf612882df0950f5a951637e0307cdcb4c672f298b8bc6',
    value: ''
  },
  event: 'orderlog',
  signature: '0x0875a9c5045b948d4c86be3715763964c8ec6b198fe5c4e5034ee32cc5051f4d',
  raw: {
    data: '0x00000000000000000000000000000000000000000000000000000000000000200000000000000000000000000000000000000000000000000000000000000000',
    topics: [
      '0x0875a9c5045b948d4c86be3715763964c8ec6b198fe5c4e5034ee32cc5051f4d',
      '0xd20ad692cdfc97fe7f7c41380511ca8a073d5b1b7447799306c3c2d3a712db7d',
      '0xc89efdaa54c0f20c7adf612882df0950f5a951637e0307cdcb4c672f298b8bc6'
    ]
  }
}
{
  address: '0xb7010b4Fa9C9C60A5d4599b4d710715CE858d8a0',
  blockHash: '0x5737be5782b0ebc986929fb9f00726f91f799f2777dbd8606d846d6962c12dca',
  blockNumber: 11222636,
  logIndex: 2,
  removed: false,
  transactionHash: '0xfd2ef149ea82effc39c5bc3746795c5aace1df9818bdb2a443c88b8a40f0e638',
  transactionIndex: 4,
  id: 'log_6cbabd23',
  returnValues: Result {
    '0': '0xd20ad692cdfc97fe7f7c41380511ca8a073d5b1b7447799306c3c2d3a712db7d',
    '1': '0xecd13a0bc5388d877fd592ef0169e114d143b48874554636260c72f0ef5f1698',
    '2': '123456',
    action: '0xd20ad692cdfc97fe7f7c41380511ca8a073d5b1b7447799306c3c2d3a712db7d',
    key: '0xecd13a0bc5388d877fd592ef0169e114d143b48874554636260c72f0ef5f1698',
    value: '123456'
  },
  event: 'orderlog',
  signature: '0x0875a9c5045b948d4c86be3715763964c8ec6b198fe5c4e5034ee32cc5051f4d',
  raw: {
    data: '0x000000000000000000000000000000000000000000000000000000000000002000000000000000000000000000000000000000000000000000000000000000063132333435360000000000000000000000000000000000000000000000000000',
    topics: [
      '0x0875a9c5045b948d4c86be3715763964c8ec6b198fe5c4e5034ee32cc5051f4d',
      '0xd20ad692cdfc97fe7f7c41380511ca8a073d5b1b7447799306c3c2d3a712db7d',
      '0xecd13a0bc5388d877fd592ef0169e114d143b48874554636260c72f0ef5f1698'
    ]
  }
}
{
  address: '0xb7010b4Fa9C9C60A5d4599b4d710715CE858d8a0',
  blockHash: '0xdcee9653ebaff55f2f52ab6b0cb8ed8571863c090e4f2224931cc8033e50c28d',
  blockNumber: 11222648,
  logIndex: 13,
  removed: false,
  transactionHash: '0xb4b4b57d26f20609c621fe2a5bc03cb5a863991d6f282c3db0747d37f6fb872e',
  transactionIndex: 10,
  id: 'log_37e5dd90',
  returnValues: Result {
    '0': '0xd20ad692cdfc97fe7f7c41380511ca8a073d5b1b7447799306c3c2d3a712db7d',
    '1': '0xb82bedb863b972904abc90a047264e22f109eed797fd2ca664a96ab76b03df7e',
    '2': '123456',
    action: '0xd20ad692cdfc97fe7f7c41380511ca8a073d5b1b7447799306c3c2d3a712db7d',
    key: '0xb82bedb863b972904abc90a047264e22f109eed797fd2ca664a96ab76b03df7e',
    value: '123456'
  },
  event: 'orderlog',
  signature: '0x0875a9c5045b948d4c86be3715763964c8ec6b198fe5c4e5034ee32cc5051f4d',
  raw: {
    data: '0x000000000000000000000000000000000000000000000000000000000000002000000000000000000000000000000000000000000000000000000000000000063132333435360000000000000000000000000000000000000000000000000000',
    topics: [
      '0x0875a9c5045b948d4c86be3715763964c8ec6b198fe5c4e5034ee32cc5051f4d',
      '0xd20ad692cdfc97fe7f7c41380511ca8a073d5b1b7447799306c3c2d3a712db7d',
      '0xb82bedb863b972904abc90a047264e22f109eed797fd2ca664a96ab76b03df7e'
    ]
  }
}
{
  address: '0xb7010b4Fa9C9C60A5d4599b4d710715CE858d8a0',
  blockHash: '0xe68550f28ca5ee515c9d2d31d20eb1617fccad579a440225ec48a84fe952bfbc',
  blockNumber: 11223699,
  logIndex: 14,
  removed: false,
  transactionHash: '0x975217e4e6bde3b3f4b51f92f24622bb765a508b774a29c4b4f3763cd4f58b38',
  transactionIndex: 10,
  id: 'log_18c1f5cf',
  returnValues: Result {
    '0': '0xd20ad692cdfc97fe7f7c41380511ca8a073d5b1b7447799306c3c2d3a712db7d',
    '1': '0xb82bedb863b972904abc90a047264e22f109eed797fd2ca664a96ab76b03df7e',
    '2': '1111111',
    action: '0xd20ad692cdfc97fe7f7c41380511ca8a073d5b1b7447799306c3c2d3a712db7d',
    key: '0xb82bedb863b972904abc90a047264e22f109eed797fd2ca664a96ab76b03df7e',
    value: '1111111'
  },
  event: 'orderlog',
  signature: '0x0875a9c5045b948d4c86be3715763964c8ec6b198fe5c4e5034ee32cc5051f4d',
  raw: {
    data: '0x000000000000000000000000000000000000000000000000000000000000002000000000000000000000000000000000000000000000000000000000000000073131313131313100000000000000000000000000000000000000000000000000',
    topics: [
      '0x0875a9c5045b948d4c86be3715763964c8ec6b198fe5c4e5034ee32cc5051f4d',
      '0xd20ad692cdfc97fe7f7c41380511ca8a073d5b1b7447799306c3c2d3a712db7d',
      '0xb82bedb863b972904abc90a047264e22f109eed797fd2ca664a96ab76b03df7e'
    ]
  }
}
{
  address: '0xb7010b4Fa9C9C60A5d4599b4d710715CE858d8a0',
  blockHash: '0x909590f61acd0674a5cf9e3b9ac4c2680d6543c231511caddcce7ae186e8667d',
  blockNumber: 11223705,
  logIndex: 19,
  removed: false,
  transactionHash: '0x2be65c88ef7b28c091fb66b36a8596a7faddd607d7243372f0bfa40445523b5e',
  transactionIndex: 7,
  id: 'log_5cf3a42e',
  returnValues: Result {
    '0': '0xd20ad692cdfc97fe7f7c41380511ca8a073d5b1b7447799306c3c2d3a712db7d',
    '1': '0xb82bedb863b972904abc90a047264e22f109eed797fd2ca664a96ab76b03df7e',
    '2': '1111111',
    action: '0xd20ad692cdfc97fe7f7c41380511ca8a073d5b1b7447799306c3c2d3a712db7d',
    key: '0xb82bedb863b972904abc90a047264e22f109eed797fd2ca664a96ab76b03df7e',
    value: '1111111'
  },
  event: 'orderlog',
  signature: '0x0875a9c5045b948d4c86be3715763964c8ec6b198fe5c4e5034ee32cc5051f4d',
  raw: {
    data: '0x000000000000000000000000000000000000000000000000000000000000002000000000000000000000000000000000000000000000000000000000000000073131313131313100000000000000000000000000000000000000000000000000',
    topics: [
      '0x0875a9c5045b948d4c86be3715763964c8ec6b198fe5c4e5034ee32cc5051f4d',
      '0xd20ad692cdfc97fe7f7c41380511ca8a073d5b1b7447799306c3c2d3a712db7d',
      '0xb82bedb863b972904abc90a047264e22f109eed797fd2ca664a96ab76b03df7e'
    ]
  }
}
{
  address: '0xb7010b4Fa9C9C60A5d4599b4d710715CE858d8a0',
  blockHash: '0x5bd1fd0913b0461cc03397a27005b9d85df7e5e64cc267f15cd4eb0bfa75aea4',
  blockNumber: 11223713,
  logIndex: 9,
  removed: false,
  transactionHash: '0x43705ed894bc8212265436248061d0ad7a050db4500bc35e53c0030ecb8060b0',
  transactionIndex: 4,
  id: 'log_85408e88',
  returnValues: Result {
    '0': '0xd20ad692cdfc97fe7f7c41380511ca8a073d5b1b7447799306c3c2d3a712db7d',
    '1': '0xb82bedb863b972904abc90a047264e22f109eed797fd2ca664a96ab76b03df7e',
    '2': '1111111',
    action: '0xd20ad692cdfc97fe7f7c41380511ca8a073d5b1b7447799306c3c2d3a712db7d',
    key: '0xb82bedb863b972904abc90a047264e22f109eed797fd2ca664a96ab76b03df7e',
    value: '1111111'
  },
  event: 'orderlog',
  signature: '0x0875a9c5045b948d4c86be3715763964c8ec6b198fe5c4e5034ee32cc5051f4d',
  raw: {
    data: '0x000000000000000000000000000000000000000000000000000000000000002000000000000000000000000000000000000000000000000000000000000000073131313131313100000000000000000000000000000000000000000000000000',
    topics: [
      '0x0875a9c5045b948d4c86be3715763964c8ec6b198fe5c4e5034ee32cc5051f4d',
      '0xd20ad692cdfc97fe7f7c41380511ca8a073d5b1b7447799306c3c2d3a712db7d',
      '0xb82bedb863b972904abc90a047264e22f109eed797fd2ca664a96ab76b03df7e'
    ]
  }
}
{
  address: '0xb7010b4Fa9C9C60A5d4599b4d710715CE858d8a0',
  blockHash: '0xe4d3b0cfcb2b574c8ed4bd9994cb5d78bf9c06d07c72f658be93796748b4bd9d',
  blockNumber: 11223817,
  logIndex: 37,
  removed: false,
  transactionHash: '0x688624d2afdd76a0729d38d1dba28c1ba33a05f7bf51e21e7032364b7ffd087d',
  transactionIndex: 9,
  id: 'log_94c6ce3b',
  returnValues: Result {
    '0': '0xd20ad692cdfc97fe7f7c41380511ca8a073d5b1b7447799306c3c2d3a712db7d',
    '1': '0xb82bedb863b972904abc90a047264e22f109eed797fd2ca664a96ab76b03df7e',
    '2': '1111111',
    action: '0xd20ad692cdfc97fe7f7c41380511ca8a073d5b1b7447799306c3c2d3a712db7d',
    key: '0xb82bedb863b972904abc90a047264e22f109eed797fd2ca664a96ab76b03df7e',
    value: '1111111'
  },
  event: 'orderlog',
  signature: '0x0875a9c5045b948d4c86be3715763964c8ec6b198fe5c4e5034ee32cc5051f4d',
  raw: {
    data: '0x000000000000000000000000000000000000000000000000000000000000002000000000000000000000000000000000000000000000000000000000000000073131313131313100000000000000000000000000000000000000000000000000',
    topics: [
      '0x0875a9c5045b948d4c86be3715763964c8ec6b198fe5c4e5034ee32cc5051f4d',
      '0xd20ad692cdfc97fe7f7c41380511ca8a073d5b1b7447799306c3c2d3a712db7d',
      '0xb82bedb863b972904abc90a047264e22f109eed797fd2ca664a96ab76b03df7e'
    ]
  }
}
{
  address: '0xb7010b4Fa9C9C60A5d4599b4d710715CE858d8a0',
  blockHash: '0x75e3dd17c7e5fd872c8eb822dd2be64c6275b5e24d33b9d7b0e3b77383981fed',
  blockNumber: 11223821,
  logIndex: 27,
  removed: false,
  transactionHash: '0xd2a7ca1402244c7898040e6a585a430997b168972bd43aa4b66138d3959af736',
  transactionIndex: 8,
  id: 'log_cb25649c',
  returnValues: Result {
    '0': '0xd20ad692cdfc97fe7f7c41380511ca8a073d5b1b7447799306c3c2d3a712db7d',
    '1': '0xb82bedb863b972904abc90a047264e22f109eed797fd2ca664a96ab76b03df7e',
    '2': '3212314124',
    action: '0xd20ad692cdfc97fe7f7c41380511ca8a073d5b1b7447799306c3c2d3a712db7d',
    key: '0xb82bedb863b972904abc90a047264e22f109eed797fd2ca664a96ab76b03df7e',
    value: '3212314124'
  },
  event: 'orderlog',
  signature: '0x0875a9c5045b948d4c86be3715763964c8ec6b198fe5c4e5034ee32cc5051f4d',
  raw: {
    data: '0x0000000000000000000000000000000000000000000000000000000000000020000000000000000000000000000000000000000000000000000000000000000a3332313233313431323400000000000000000000000000000000000000000000',
    topics: [
      '0x0875a9c5045b948d4c86be3715763964c8ec6b198fe5c4e5034ee32cc5051f4d',
      '0xd20ad692cdfc97fe7f7c41380511ca8a073d5b1b7447799306c3c2d3a712db7d',
      '0xb82bedb863b972904abc90a047264e22f109eed797fd2ca664a96ab76b03df7e'
    ]
  }
}
{
  address: '0xb7010b4Fa9C9C60A5d4599b4d710715CE858d8a0',
  blockHash: '0x6393ce82df273b1859df4f21ada82787a57bb2c9f41985c88ca9eadbad522895',
  blockNumber: 11223889,
  logIndex: 7,
  removed: false,
  transactionHash: '0x2864ce1c92c7ba747f9772d53744cd38adb93a331394c350159ece49bc1471e0',
  transactionIndex: 4,
  id: 'log_f6df4d19',
  returnValues: Result {
    '0': '0xd20ad692cdfc97fe7f7c41380511ca8a073d5b1b7447799306c3c2d3a712db7d',
    '1': '0xb82bedb863b972904abc90a047264e22f109eed797fd2ca664a96ab76b03df7e',
    '2': '3212314124',
    action: '0xd20ad692cdfc97fe7f7c41380511ca8a073d5b1b7447799306c3c2d3a712db7d',
    key: '0xb82bedb863b972904abc90a047264e22f109eed797fd2ca664a96ab76b03df7e',
    value: '3212314124'
  },
  event: 'orderlog',
  signature: '0x0875a9c5045b948d4c86be3715763964c8ec6b198fe5c4e5034ee32cc5051f4d',
  raw: {
    data: '0x0000000000000000000000000000000000000000000000000000000000000020000000000000000000000000000000000000000000000000000000000000000a3332313233313431323400000000000000000000000000000000000000000000',
    topics: [
      '0x0875a9c5045b948d4c86be3715763964c8ec6b198fe5c4e5034ee32cc5051f4d',
      '0xd20ad692cdfc97fe7f7c41380511ca8a073d5b1b7447799306c3c2d3a712db7d',
      '0xb82bedb863b972904abc90a047264e22f109eed797fd2ca664a96ab76b03df7e'
    ]
  }
}
{
  address: '0xb7010b4Fa9C9C60A5d4599b4d710715CE858d8a0',
  blockHash: '0x74612cb7820a2be9a0e78e26a78a5a44ce5a7d05624e7ea6d163c922ed480b72',
  blockNumber: 11224036,
  logIndex: 22,
  removed: false,
  transactionHash: '0x61140682f8057507b6c77f2ff7940da2952c5edafffc4bdb3e706ba03d197948',
  transactionIndex: 10,
  id: 'log_e7001c23',
  returnValues: Result {
    '0': '0xd20ad692cdfc97fe7f7c41380511ca8a073d5b1b7447799306c3c2d3a712db7d',
    '1': '0x3fea1ee850ce5832c4ef1eccfc558939a449d08004f2380067826917cf5d7ab5',
    '2': '00000000000000000000',
    action: '0xd20ad692cdfc97fe7f7c41380511ca8a073d5b1b7447799306c3c2d3a712db7d',
    key: '0x3fea1ee850ce5832c4ef1eccfc558939a449d08004f2380067826917cf5d7ab5',
    value: '00000000000000000000'
  },
  event: 'orderlog',
  signature: '0x0875a9c5045b948d4c86be3715763964c8ec6b198fe5c4e5034ee32cc5051f4d',
  raw: {
    data: '0x000000000000000000000000000000000000000000000000000000000000002000000000000000000000000000000000000000000000000000000000000000143030303030303030303030303030303030303030000000000000000000000000',
    topics: [
      '0x0875a9c5045b948d4c86be3715763964c8ec6b198fe5c4e5034ee32cc5051f4d',
      '0xd20ad692cdfc97fe7f7c41380511ca8a073d5b1b7447799306c3c2d3a712db7d',
      '0x3fea1ee850ce5832c4ef1eccfc558939a449d08004f2380067826917cf5d7ab5'
    ]
  }
}
